2025-03-16 14:27:50 - Sending email to: mail@hreniucpetrica.ro, Subject: Your The 7-Step Website Conversion Framework Download
2025-03-16 14:27:52 - Result: Failed
2025-03-16 14:27:52 - Sending email to: mail@hreniucpetrica.ro, Subject: New Resource Download: The 7-Step Website Conversion Framework
2025-03-16 14:27:54 - Result: Failed
2025-04-01 18:01:52 - Sending email to: mail@hreniucpetrica.ro, Subject: Your The 7-Step Website Conversion Framework Download
2025-04-01 18:01:54 - Result: Failed
2025-04-01 18:01:54 - Sending email to: mail@hreniucpetrica.ro, Subject: New Resource Download: The 7-Step Website Conversion Framework
2025-04-01 18:01:56 - Result: Failed
2025-04-01 18:04:08 - Sending email to: mail@hreniucpetrica.ro, Subject: Your Strategy Session is Confirmed
2025-04-01 18:04:10 - Result: Failed
2025-04-01 18:04:10 - Sending email to: mail@hreniucpetrica.ro, Subject: New Strategy Session Booking
2025-04-01 18:04:12 - Result: Failed
2025-04-01 18:04:56 - Sending email to: mail@hreniucpetrica.ro, Subject: Your The 7-Step Website Conversion Framework Download
2025-04-01 18:04:58 - Result: Failed
2025-04-01 18:04:58 - Sending email to: mail@hreniucpetrica.ro, Subject: New Resource Download: The 7-Step Website Conversion Framework
2025-04-01 18:05:00 - Result: Failed
2025-06-22 09:19:27 - Sending email to: mail@hreniucpetrica.ro, Subject: Your SEO Checklist for Romanian Businesses Download
2025-06-22 09:19:29 - Result: Failed
2025-06-22 09:19:29 - Sending email to: mail@hreniucpetrica.ro, Subject: New Resource Download: SEO Checklist
2025-06-22 09:19:31 - Result: Failed
2025-06-22 09:27:18 - Sending email to: mail@hreniucpetrica.ro, Subject: Your SEO Checklist for Romanian Businesses Download
2025-06-22 09:27:20 - Result: Failed
2025-06-22 09:27:20 - Sending email to: mail@hreniucpetrica.ro, Subject: New Resource Download: SEO Checklist
2025-06-22 09:27:22 - Result: Failed
2025-06-22 09:27:53 - Sending email to: petricahpop@gmail.com, Subject: Your Strategy Session is Confirmed
2025-06-22 09:27:55 - Result: Failed
2025-06-22 09:27:55 - Sending email to: mail@hreniucpetrica.ro, Subject: New Strategy Session Booking
2025-06-22 09:27:57 - Result: Failed
2025-06-22 09:32:31 - Sending email to: petricahphp@gmail.com, Subject: Your Strategy Session is Confirmed
2025-06-22 09:32:33 - Result: Failed
2025-06-22 09:32:33 - Sending email to: mail@hreniucpetrica.ro, Subject: New Strategy Session Booking
2025-06-22 09:32:35 - Result: Failed
2025-06-22 09:43:55 - Sending email to: petricahphp@gmail.com, Subject: Your The 7-Step Website Conversion Framework Download
2025-06-22 09:43:57 - Result: Failed
2025-06-22 09:43:57 - Sending email to: mail@hreniucpetrica.ro, Subject: New Resource Download: The 7-Step Website Conversion Framework
2025-06-22 09:43:59 - Result: Failed
